<!DOCTYPE html>

<html>
  <head>
  <meta charset='utf-8'>
  <title>TestNG reports</title>

    <link type="text/css" href="testng-reports.css" rel="stylesheet" />
    <script type="text/javascript" src="jquery-1.7.1.min.js"></script>
    <script type="text/javascript" src="testng-reports.js"></script>
    <script type="text/javascript" src="https://www.google.com/jsapi"></script>
    <script type='text/javascript'>
      google.load('visualization', '1', {packages:['table']});
      google.setOnLoadCallback(drawTable);
      var suiteTableInitFunctions = new Array();
      var suiteTableData = new Array();
    </script>
    <!--
      <script type="text/javascript" src="jquery-ui/js/jquery-ui-1.8.16.custom.min.js"></script>
     -->
  </head>

  <body>
    <div class="top-banner-root">
      <span class="top-banner-title-font">Test results</span>
      <br/>
      <span class="top-banner-font-1">1 suite, 3 failed tests</span>
    </div> <!-- top-banner-root -->
    <div class="navigator-root">
      <div class="navigator-suite-header">
        <span>All suites</span>
        <a href="#" title="Collapse/expand all the suites" class="collapse-all-link">
          <img src="collapseall.gif" class="collapse-all-icon">
          </img> <!-- collapse-all-icon -->
        </a> <!-- collapse-all-link -->
      </div> <!-- navigator-suite-header -->
      <div class="suite">
        <div class="rounded-window">
          <div class="suite-header light-rounded-window-top">
            <a href="#" panel-name="suite-TestingFramework" class="navigator-link">
              <span class="suite-name border-failed">TestingFramework</span>
            </a> <!-- navigator-link -->
          </div> <!-- suite-header light-rounded-window-top -->
          <div class="navigator-suite-content">
            <div class="suite-section-title">
              <span>Info</span>
            </div> <!-- suite-section-title -->
            <div class="suite-section-content">
              <ul>
                <li>
                  <a href="#" panel-name="test-xml-TestingFramework" class="navigator-link ">
                    <span>C:\Users\bhave\eclipse-workspace\TestingFramework\TestNG.xml</span>
                  </a> <!-- navigator-link  -->
                </li>
                <li>
                  <a href="#" panel-name="testlist-TestingFramework" class="navigator-link ">
                    <span class="test-stats">1 test</span>
                  </a> <!-- navigator-link  -->
                </li>
                <li>
                  <a href="#" panel-name="group-TestingFramework" class="navigator-link ">
                    <span>0 groups</span>
                  </a> <!-- navigator-link  -->
                </li>
                <li>
                  <a href="#" panel-name="times-TestingFramework" class="navigator-link ">
                    <span>Times</span>
                  </a> <!-- navigator-link  -->
                </li>
                <li>
                  <a href="#" panel-name="reporter-TestingFramework" class="navigator-link ">
                    <span>Reporter output</span>
                  </a> <!-- navigator-link  -->
                </li>
                <li>
                  <a href="#" panel-name="ignored-methods-TestingFramework" class="navigator-link ">
                    <span>Ignored methods</span>
                  </a> <!-- navigator-link  -->
                </li>
                <li>
                  <a href="#" panel-name="chronological-TestingFramework" class="navigator-link ">
                    <span>Chronological view</span>
                  </a> <!-- navigator-link  -->
                </li>
              </ul>
            </div> <!-- suite-section-content -->
            <div class="result-section">
              <div class="suite-section-title">
                <span>Results</span>
              </div> <!-- suite-section-title -->
              <div class="suite-section-content">
                <ul>
                  <li>
                    <span class="method-stats">7 methods, 3 failed,   4 passed</span>
                  </li>
                  <li>
                    <span class="method-list-title failed">Failed methods</span>
                    <span class="show-or-hide-methods failed">
                      <a href="#" panel-name="suite-TestingFramework" class="hide-methods failed suite-TestingFramework"> (hide)</a> <!-- hide-methods failed suite-TestingFramework -->
                      <a href="#" panel-name="suite-TestingFramework" class="show-methods failed suite-TestingFramework"> (show)</a> <!-- show-methods failed suite-TestingFramework -->
                    </span>
                    <div class="method-list-content failed suite-TestingFramework">
                      <span>
                        <img src="failed.png" width="3%"/>
                        <a href="#" panel-name="suite-TestingFramework" title="com.inetBanking.testCases.TC_LoginDDT_002" class="method navigator-link" hash-for-method="LoginDataTest(mngr164225, jahetAp)">LoginDataTest(mngr164225, jahetAp)</a> <!-- method navigator-link -->
                      </span>
                      <br/>
                      <span>
                        <img src="failed.png" width="3%"/>
                        <a href="#" panel-name="suite-TestingFramework" title="com.inetBanking.testCases.TC_LoginDDT_002" class="method navigator-link" hash-for-method="LoginDataTest(mngr137319, bAdYvyb)">LoginDataTest(mngr137319, bAdYvyb)</a> <!-- method navigator-link -->
                      </span>
                      <br/>
                      <span>
                        <img src="failed.png" width="3%"/>
                        <a href="#" panel-name="suite-TestingFramework" title="com.inetBanking.testCases.TC_LoginDDT_002" class="method navigator-link" hash-for-method="LoginDataTest(mngr164225, jahetAp)">LoginDataTest(mngr164225, jahetAp)</a> <!-- method navigator-link -->
                      </span>
                      <br/>
                    </div> <!-- method-list-content failed suite-TestingFramework -->
                  </li>
                  <li>
                    <span class="method-list-title passed">Passed methods</span>
                    <span class="show-or-hide-methods passed">
                      <a href="#" panel-name="suite-TestingFramework" class="hide-methods passed suite-TestingFramework"> (hide)</a> <!-- hide-methods passed suite-TestingFramework -->
                      <a href="#" panel-name="suite-TestingFramework" class="show-methods passed suite-TestingFramework"> (show)</a> <!-- show-methods passed suite-TestingFramework -->
                    </span>
                    <div class="method-list-content passed suite-TestingFramework">
                      <span>
                        <img src="passed.png" width="3%"/>
                        <a href="#" panel-name="suite-TestingFramework" title="com.inetBanking.testCases.TC_AddCustomer_003" class="method navigator-link" hash-for-method="AddCustomer">AddCustomer</a> <!-- method navigator-link -->
                      </span>
                      <br/>
                      <span>
                        <img src="passed.png" width="3%"/>
                        <a href="#" panel-name="suite-TestingFramework" title="com.inetBanking.testCases.TC_LoginDDT_002" class="method navigator-link" hash-for-method="LoginDataTest(mngr414186            , AgEmAjE)">LoginDataTest(mngr414186            , AgEmAjE)</a> <!-- method navigator-link -->
                      </span>
                      <br/>
                      <span>
                        <img src="passed.png" width="3%"/>
                        <a href="#" panel-name="suite-TestingFramework" title="com.inetBanking.testCases.TC_LoginDDT_002" class="method navigator-link" hash-for-method="LoginDataTest(mngr414186 , AgEmAjE)">LoginDataTest(mngr414186 , AgEmAjE)</a> <!-- method navigator-link -->
                      </span>
                      <br/>
                      <span>
                        <img src="passed.png" width="3%"/>
                        <a href="#" panel-name="suite-TestingFramework" title="com.inetBanking.testCases.TC_LoginTest_001" class="method navigator-link" hash-for-method="loginTest">loginTest</a> <!-- method navigator-link -->
                      </span>
                      <br/>
                    </div> <!-- method-list-content passed suite-TestingFramework -->
                  </li>
                </ul>
              </div> <!-- suite-section-content -->
            </div> <!-- result-section -->
          </div> <!-- navigator-suite-content -->
        </div> <!-- rounded-window -->
      </div> <!-- suite -->
    </div> <!-- navigator-root -->
    <div class="wrapper">
      <div class="main-panel-root">
        <div panel-name="suite-TestingFramework" class="panel TestingFramework">
          <div class="suite-TestingFramework-class-failed">
            <div class="main-panel-header rounded-window-top">
              <img src="failed.png"/>
              <span class="class-name">com.inetBanking.testCases.TC_LoginDDT_002</span>
            </div> <!-- main-panel-header rounded-window-top -->
            <div class="main-panel-content rounded-window-bottom">
              <div class="method">
                <div class="method-content">
                  <a name="LoginDataTest(mngr164225, jahetAp)">
                  </a> <!-- LoginDataTest(mngr164225, jahetAp) -->
                  <span class="method-name">LoginDataTest</span>
                  <span class="parameters">(mngr164225, jahetAp)</span>
                  <div class="stack-trace">java.lang.AssertionError: expected [true] but found [false]
	at com.inetBanking.testCases.TC_LoginDDT_002.LoginDataTest(TC_LoginDDT_002.java:31)
... Removed 29 stack frames
</div> <!-- stack-trace -->
                </div> <!-- method-content -->
              </div> <!-- method -->
              <div class="method">
                <div class="method-content">
                  <a name="LoginDataTest(mngr137319, bAdYvyb)">
                  </a> <!-- LoginDataTest(mngr137319, bAdYvyb) -->
                  <span class="method-name">LoginDataTest</span>
                  <span class="parameters">(mngr137319, bAdYvyb)</span>
                  <div class="stack-trace">java.lang.AssertionError: expected [true] but found [false]
	at com.inetBanking.testCases.TC_LoginDDT_002.LoginDataTest(TC_LoginDDT_002.java:31)
... Removed 29 stack frames
</div> <!-- stack-trace -->
                </div> <!-- method-content -->
              </div> <!-- method -->
              <div class="method">
                <div class="method-content">
                  <a name="LoginDataTest(mngr164225, jahetAp)">
                  </a> <!-- LoginDataTest(mngr164225, jahetAp) -->
                  <span class="method-name">LoginDataTest</span>
                  <span class="parameters">(mngr164225, jahetAp)</span>
                  <div class="stack-trace">java.lang.AssertionError: expected [true] but found [false]
	at com.inetBanking.testCases.TC_LoginDDT_002.LoginDataTest(TC_LoginDDT_002.java:31)
... Removed 29 stack frames
</div> <!-- stack-trace -->
                </div> <!-- method-content -->
              </div> <!-- method -->
            </div> <!-- main-panel-content rounded-window-bottom -->
          </div> <!-- suite-TestingFramework-class-failed -->
          <div class="suite-TestingFramework-class-passed">
            <div class="main-panel-header rounded-window-top">
              <img src="passed.png"/>
              <span class="class-name">com.inetBanking.testCases.TC_LoginDDT_002</span>
            </div> <!-- main-panel-header rounded-window-top -->
            <div class="main-panel-content rounded-window-bottom">
              <div class="method">
                <div class="method-content">
                  <a name="LoginDataTest(mngr414186            , AgEmAjE)">
                  </a> <!-- LoginDataTest(mngr414186            , AgEmAjE) -->
                  <span class="method-name">LoginDataTest</span>
                  <span class="parameters">(mngr414186            , AgEmAjE)</span>
                </div> <!-- method-content -->
              </div> <!-- method -->
              <div class="method">
                <div class="method-content">
                  <a name="LoginDataTest(mngr414186 , AgEmAjE)">
                  </a> <!-- LoginDataTest(mngr414186 , AgEmAjE) -->
                  <span class="method-name">LoginDataTest</span>
                  <span class="parameters">(mngr414186 , AgEmAjE)</span>
                </div> <!-- method-content -->
              </div> <!-- method -->
            </div> <!-- main-panel-content rounded-window-bottom -->
          </div> <!-- suite-TestingFramework-class-passed -->
          <div class="suite-TestingFramework-class-passed">
            <div class="main-panel-header rounded-window-top">
              <img src="passed.png"/>
              <span class="class-name">com.inetBanking.testCases.TC_LoginTest_001</span>
            </div> <!-- main-panel-header rounded-window-top -->
            <div class="main-panel-content rounded-window-bottom">
              <div class="method">
                <div class="method-content">
                  <a name="loginTest">
                  </a> <!-- loginTest -->
                  <span class="method-name">loginTest</span>
                </div> <!-- method-content -->
              </div> <!-- method -->
            </div> <!-- main-panel-content rounded-window-bottom -->
          </div> <!-- suite-TestingFramework-class-passed -->
          <div class="suite-TestingFramework-class-passed">
            <div class="main-panel-header rounded-window-top">
              <img src="passed.png"/>
              <span class="class-name">com.inetBanking.testCases.TC_AddCustomer_003</span>
            </div> <!-- main-panel-header rounded-window-top -->
            <div class="main-panel-content rounded-window-bottom">
              <div class="method">
                <div class="method-content">
                  <a name="AddCustomer">
                  </a> <!-- AddCustomer -->
                  <span class="method-name">AddCustomer</span>
                </div> <!-- method-content -->
              </div> <!-- method -->
            </div> <!-- main-panel-content rounded-window-bottom -->
          </div> <!-- suite-TestingFramework-class-passed -->
        </div> <!-- panel TestingFramework -->
        <div panel-name="test-xml-TestingFramework" class="panel">
          <div class="main-panel-header rounded-window-top">
            <span class="header-content">C:\Users\bhave\eclipse-workspace\TestingFramework\TestNG.xml</span>
          </div> <!-- main-panel-header rounded-window-top -->
          <div class="main-panel-content rounded-window-bottom">
            <pre>
&lt;?xml version=&quot;1.0&quot; encoding=&quot;UTF-8&quot;?&gt;
&lt;!DOCTYPE suite SYSTEM &quot;http://testng.org/testng-1.0.dtd&quot;&gt;
&lt;suite name=&quot;TestingFramework&quot; guice-stage=&quot;DEVELOPMENT&quot;&gt;
  &lt;listeners&gt;
    &lt;listener class-name=&quot;com.inetBanking.utilities.Reporting&quot;/&gt;
  &lt;/listeners&gt;
  &lt;test thread-count=&quot;5&quot; name=&quot;BankingWebsite&quot;&gt;
    &lt;parameter name=&quot;browser&quot; value=&quot;Chrome&quot;/&gt;
    &lt;classes&gt;
      &lt;class name=&quot;com.inetBanking.testCases.TC_LoginTest_001&quot;/&gt;
      &lt;class name=&quot;com.inetBanking.testCases.TC_LoginDDT_002&quot;/&gt;
      &lt;class name=&quot;com.inetBanking.testCases.TC_AddCustomer_003&quot;/&gt;
    &lt;/classes&gt;
  &lt;/test&gt; &lt;!-- BankingWebsite --&gt;
&lt;/suite&gt; &lt;!-- TestingFramework --&gt;
            </pre>
          </div> <!-- main-panel-content rounded-window-bottom -->
        </div> <!-- panel -->
        <div panel-name="testlist-TestingFramework" class="panel">
          <div class="main-panel-header rounded-window-top">
            <span class="header-content">Tests for TestingFramework</span>
          </div> <!-- main-panel-header rounded-window-top -->
          <div class="main-panel-content rounded-window-bottom">
            <ul>
              <li>
                <span class="test-name">BankingWebsite (3 classes)</span>
              </li>
            </ul>
          </div> <!-- main-panel-content rounded-window-bottom -->
        </div> <!-- panel -->
        <div panel-name="group-TestingFramework" class="panel">
          <div class="main-panel-header rounded-window-top">
            <span class="header-content">Groups for TestingFramework</span>
          </div> <!-- main-panel-header rounded-window-top -->
          <div class="main-panel-content rounded-window-bottom">
          </div> <!-- main-panel-content rounded-window-bottom -->
        </div> <!-- panel -->
        <div panel-name="times-TestingFramework" class="panel">
          <div class="main-panel-header rounded-window-top">
            <span class="header-content">Times for TestingFramework</span>
          </div> <!-- main-panel-header rounded-window-top -->
          <div class="main-panel-content rounded-window-bottom">
            <div class="times-div">
              <script type="text/javascript">
suiteTableInitFunctions.push('tableData_TestingFramework');
function tableData_TestingFramework() {
var data = new google.visualization.DataTable();
data.addColumn('number', 'Number');
data.addColumn('string', 'Method');
data.addColumn('string', 'Class');
data.addColumn('number', 'Time (ms)');
data.addRows(7);
data.setCell(0, 0, 0)
data.setCell(0, 1, 'AddCustomer')
data.setCell(0, 2, 'com.inetBanking.testCases.TC_AddCustomer_003')
data.setCell(0, 3, 10270);
data.setCell(1, 0, 1)
data.setCell(1, 1, 'LoginDataTest')
data.setCell(1, 2, 'com.inetBanking.testCases.TC_LoginDDT_002')
data.setCell(1, 3, 7397);
data.setCell(2, 0, 2)
data.setCell(2, 1, 'LoginDataTest')
data.setCell(2, 2, 'com.inetBanking.testCases.TC_LoginDDT_002')
data.setCell(2, 3, 6892);
data.setCell(3, 0, 3)
data.setCell(3, 1, 'LoginDataTest')
data.setCell(3, 2, 'com.inetBanking.testCases.TC_LoginDDT_002')
data.setCell(3, 3, 3627);
data.setCell(4, 0, 4)
data.setCell(4, 1, 'loginTest')
data.setCell(4, 2, 'com.inetBanking.testCases.TC_LoginTest_001')
data.setCell(4, 3, 3607);
data.setCell(5, 0, 5)
data.setCell(5, 1, 'LoginDataTest')
data.setCell(5, 2, 'com.inetBanking.testCases.TC_LoginDDT_002')
data.setCell(5, 3, 3299);
data.setCell(6, 0, 6)
data.setCell(6, 1, 'LoginDataTest')
data.setCell(6, 2, 'com.inetBanking.testCases.TC_LoginDDT_002')
data.setCell(6, 3, 3113);
window.suiteTableData['TestingFramework']= { tableData: data, tableDiv: 'times-div-TestingFramework'}
return data;
}
              </script>
              <span class="suite-total-time">Total running time: 38 seconds</span>
              <div id="times-div-TestingFramework">
              </div> <!-- times-div-TestingFramework -->
            </div> <!-- times-div -->
          </div> <!-- main-panel-content rounded-window-bottom -->
        </div> <!-- panel -->
        <div panel-name="reporter-TestingFramework" class="panel">
          <div class="main-panel-header rounded-window-top">
            <span class="header-content">Reporter output for TestingFramework</span>
          </div> <!-- main-panel-header rounded-window-top -->
          <div class="main-panel-content rounded-window-bottom">
          </div> <!-- main-panel-content rounded-window-bottom -->
        </div> <!-- panel -->
        <div panel-name="ignored-methods-TestingFramework" class="panel">
          <div class="main-panel-header rounded-window-top">
            <span class="header-content">0 ignored methods</span>
          </div> <!-- main-panel-header rounded-window-top -->
          <div class="main-panel-content rounded-window-bottom">
          </div> <!-- main-panel-content rounded-window-bottom -->
        </div> <!-- panel -->
        <div panel-name="chronological-TestingFramework" class="panel">
          <div class="main-panel-header rounded-window-top">
            <span class="header-content">Methods in chronological order</span>
          </div> <!-- main-panel-header rounded-window-top -->
          <div class="main-panel-content rounded-window-bottom">
            <div class="chronological-class">
              <div class="chronological-class-name">com.inetBanking.testCases.TC_LoginTest_001</div> <!-- chronological-class-name -->
              <div class="configuration-class before">
                <span class="method-name">setup(Chrome)</span>
                <span class="method-start">0 ms</span>
              </div> <!-- configuration-class before -->
              <div class="test-method">
                <span class="method-name">loginTest</span>
                <span class="method-start">8104 ms</span>
              </div> <!-- test-method -->
              <div class="configuration-class after">
                <span class="method-name">TearDown</span>
                <span class="method-start">11769 ms</span>
              </div> <!-- configuration-class after -->
            </div> <!-- chronological-class -->
            <div class="chronological-class">
              <div class="chronological-class-name">com.inetBanking.testCases.TC_LoginDDT_002</div> <!-- chronological-class-name -->
              <div class="configuration-class before">
                <span class="method-name">setup(Chrome)</span>
                <span class="method-start">12229 ms</span>
              </div> <!-- configuration-class before -->
              <div class="test-method">
                <img src="failed.png">
                </img>
                <span class="method-name">LoginDataTest(mngr164225, jahetAp)</span>
                <span class="method-start">23943 ms</span>
              </div> <!-- test-method -->
              <div class="test-method">
                <span class="method-name">LoginDataTest(mngr414186            , AgEmAjE)</span>
                <span class="method-start">27253 ms</span>
              </div> <!-- test-method -->
              <div class="test-method">
                <img src="failed.png">
                </img>
                <span class="method-name">LoginDataTest(mngr137319, bAdYvyb)</span>
                <span class="method-start">34146 ms</span>
              </div> <!-- test-method -->
              <div class="test-method">
                <img src="failed.png">
                </img>
                <span class="method-name">LoginDataTest(mngr164225, jahetAp)</span>
                <span class="method-start">37776 ms</span>
              </div> <!-- test-method -->
              <div class="test-method">
                <span class="method-name">LoginDataTest(mngr414186 , AgEmAjE)</span>
                <span class="method-start">40895 ms</span>
              </div> <!-- test-method -->
              <div class="configuration-class after">
                <span class="method-name">TearDown</span>
                <span class="method-start">48295 ms</span>
              </div> <!-- configuration-class after -->
            </div> <!-- chronological-class -->
            <div class="chronological-class">
              <div class="chronological-class-name">com.inetBanking.testCases.TC_AddCustomer_003</div> <!-- chronological-class-name -->
              <div class="configuration-class before">
                <span class="method-name">setup(Chrome)</span>
                <span class="method-start">48957 ms</span>
              </div> <!-- configuration-class before -->
              <div class="test-method">
                <span class="method-name">AddCustomer</span>
                <span class="method-start">59522 ms</span>
              </div> <!-- test-method -->
              <div class="configuration-class after">
                <span class="method-name">TearDown</span>
                <span class="method-start">69798 ms</span>
              </div> <!-- configuration-class after -->
          </div> <!-- main-panel-content rounded-window-bottom -->
        </div> <!-- panel -->
      </div> <!-- main-panel-root -->
    </div> <!-- wrapper -->
  </body>
</html>
